-encoding
UTF-8
-source
1.6
-target
1.6
-classpath
D:\CODE\java\catalog\CatalogCore\target\catalog.core-1.1.15.0.jar;C:\Users\Волков Олег\.m2\repository\org\springframework\spring-context\3.1.2.RELEASE\spring-context-3.1.2.RELEASE.jar;C:\Users\Волков Олег\.m2\repository\org\springframework\spring-aop\3.1.2.RELEASE\spring-aop-3.1.2.RELEASE.jar;C:\Users\Волков Олег\.m2\repository\org\springframework\spring-jdbc\3.1.2.RELEASE\spring-jdbc-3.1.2.RELEASE.jar;C:\Users\Волков Олег\.m2\repository\org\springframework\spring-orm\3.1.2.RELEASE\spring-orm-3.1.2.RELEASE.jar;C:\Users\Волков Олег\.m2\repository\org\springframework\spring-test\3.1.2.RELEASE\spring-test-3.1.2.RELEASE.jar;C:\Users\Волков Олег\.m2\repository\com\h2database\h2\1.3.168\h2-1.3.168.jar;C:\Users\Волков Олег\.m2\repository\org\apache\derby\derby\10.9.1.0\derby-10.9.1.0.jar;C:\Users\Волков Олег\.m2\repository\commons-io\commons-io\2.4\commons-io-2.4.jar;C:\Users\Волков Олег\.m2\repository\commons-lang\commons-lang\2.6\commons-lang-2.6.jar;C:\Users\Волков Олег\.m2\repository\commons-collections\commons-collections\3.2.1\commons-collections-3.2.1.jar;C:\Users\Волков Олег\.m2\repository\commons-dbcp\commons-dbcp\1.4\commons-dbcp-1.4.jar;C:\Users\Волков Олег\.m2\repository\ch\qos\logback\logback-classic\1.0.7\logback-classic-1.0.7.jar;C:\Users\Волков Олег\.m2\repository\org\slf4j\slf4j-api\1.6.6\slf4j-api-1.6.6.jar;C:\Users\Волков Олег\.m2\repository\log4j\log4j\1.2.17\log4j-1.2.17.jar;C:\Users\Волков Олег\.m2\repository\org\hibernate\hibernate-core\3.6.5.Final\hibernate-core-3.6.5.Final.jar;C:\Users\Волков Олег\.m2\repository\antlr\antlr\2.7.6\antlr-2.7.6.jar;C:\Users\Волков Олег\.m2\repository\dom4j\dom4j\1.6.1\dom4j-1.6.1.jar;C:\Users\Волков Олег\.m2\repository\org\hibernate\hibernate-commons-annotations\3.2.0.Final\hibernate-commons-annotations-3.2.0.Final.jar;C:\Users\Волков Олег\.m2\repository\org\hibernate\javax\persistence\hibernate-jpa-2.0-api\1.0.0.Final\hibernate-jpa-2.0-api-1.0.0.Final.jar;C:\Users\Волков Олег\.m2\repository\javax\transaction\jta\1.1\jta-1.1.jar;C:\Users\Волков Олег\.m2\repository\org\hibernate\hibernate-validator\4.2.0.Final\hibernate-validator-4.2.0.Final.jar;C:\Users\Волков Олег\.m2\repository\javax\validation\validation-api\1.0.0.GA\validation-api-1.0.0.GA.jar;C:\Users\Волков Олег\.m2\repository\javassist\javassist\3.12.1.GA\javassist-3.12.1.GA.jar;C:\Users\Волков Олег\.m2\repository\com\google\inject\guice\3.0\guice-3.0.jar;C:\Users\Волков Олег\.m2\repository\javax\inject\javax.inject\1\javax.inject-1.jar;C:\Users\Волков Олег\.m2\repository\com\thoughtworks\xstream\xstream\1.4.2\xstream-1.4.2.jar;C:\Users\Волков Олег\.m2\repository\xmlpull\xmlpull\1.1.3.1\xmlpull-1.1.3.1.jar;C:\Users\Волков Олег\.m2\repository\xpp3\xpp3_min\1.1.4c\xpp3_min-1.1.4c.jar;C:\Users\Волков Олег\.m2\repository\commons-beanutils\commons-beanutils\1.8.3\commons-beanutils-1.8.3.jar;C:\Users\Волков Олег\.m2\repository\commons-logging\commons-logging\1.1.1\commons-logging-1.1.1.jar;C:\Users\Волков Олег\.m2\repository\org\apache\poi\poi\3.5-FINAL\poi-3.5-FINAL.jar;C:\Users\Волков Олег\.m2\repository\org\aspectj\aspectjrt\1.6.11\aspectjrt-1.6.11.jar;C:\Users\Волков Олег\.m2\repository\org\jdom\jdom\2.0.2\jdom-2.0.2.jar;D:\CODE\java\catalog\CatalogUtils\target\catalog.utils-1.1.15.0.jar;C:\Users\Волков Олег\.m2\repository\org\springframework\spring-beans\3.1.2.RELEASE\spring-beans-3.1.2.RELEASE.jar;C:\Users\Волков Олег\.m2\repository\org\springframework\spring-core\3.1.2.RELEASE\spring-core-3.1.2.RELEASE.jar;C:\Users\Волков Олег\.m2\repository\org\springframework\spring-expression\3.1.2.RELEASE\spring-expression-3.1.2.RELEASE.jar;C:\Users\Волков Олег\.m2\repository\org\springframework\spring-asm\3.1.2.RELEASE\spring-asm-3.1.2.RELEASE.jar;C:\Users\Волков Олег\.m2\repository\aopalliance\aopalliance\1.0\aopalliance-1.0.jar;C:\Users\Волков Олег\.m2\repository\org\springframework\spring-tx\3.1.2.RELEASE\spring-tx-3.1.2.RELEASE.jar;C:\Users\Волков Олег\.m2\repository\commons-pool\commons-pool\1.5.4\commons-pool-1.5.4.jar;C:\Users\Волков Олег\.m2\repository\ch\qos\logback\logback-core\1.0.7\logback-core-1.0.7.jar;D:\CODE\java\catalog\CatalogMann\target\classes
-aspectpath
D:\CODE\java\catalog\CatalogUtils\target\catalog.utils-1.1.15.0.jar
-d
D:\CODE\java\catalog\CatalogMann\target\classes
D:\CODE\java\catalog\CatalogMann\src\main\java\ru\goodfil\catalog\mann\Application.java
D:\CODE\java\catalog\CatalogMann\src\main\java\ru\goodfil\catalog\mann\domain\BrandAssociation.java
D:\CODE\java\catalog\CatalogMann\src\main\java\ru\goodfil\catalog\mann\domain\FilterAssociation.java
D:\CODE\java\catalog\CatalogMann\src\main\java\ru\goodfil\catalog\mann\domain\FilterFormAssociation.java
D:\CODE\java\catalog\CatalogMann\src\main\java\ru\goodfil\catalog\mann\domain\FilterTypeAssociation.java
D:\CODE\java\catalog\CatalogMann\src\main\java\ru\goodfil\catalog\mann\domain\MannTables.java
D:\CODE\java\catalog\CatalogMann\src\main\java\ru\goodfil\catalog\mann\domain\ManufactorAssociation.java
D:\CODE\java\catalog\CatalogMann\src\main\java\ru\goodfil\catalog\mann\domain\MotorAssociation.java
D:\CODE\java\catalog\CatalogMann\src\main\java\ru\goodfil\catalog\mann\domain\OeAssociation.java
D:\CODE\java\catalog\CatalogMann\src\main\java\ru\goodfil\catalog\mann\domain\SeriaAssociation.java
D:\CODE\java\catalog\CatalogMann\src\main\java\ru\goodfil\catalog\mann\load\BrandLoad.java
D:\CODE\java\catalog\CatalogMann\src\main\java\ru\goodfil\catalog\mann\load\FilterApplianceLoad.java
D:\CODE\java\catalog\CatalogMann\src\main\java\ru\goodfil\catalog\mann\load\FilterFormLoad.java
D:\CODE\java\catalog\CatalogMann\src\main\java\ru\goodfil\catalog\mann\load\FilterLoad.java
D:\CODE\java\catalog\CatalogMann\src\main\java\ru\goodfil\catalog\mann\load\FilterTypeLoad.java
D:\CODE\java\catalog\CatalogMann\src\main\java\ru\goodfil\catalog\mann\load\InfoWorkUnit.java
D:\CODE\java\catalog\CatalogMann\src\main\java\ru\goodfil\catalog\mann\load\LoadWorkUnit.java
D:\CODE\java\catalog\CatalogMann\src\main\java\ru\goodfil\catalog\mann\load\ManufactorLoad.java
D:\CODE\java\catalog\CatalogMann\src\main\java\ru\goodfil\catalog\mann\load\MotorLoad.java
D:\CODE\java\catalog\CatalogMann\src\main\java\ru\goodfil\catalog\mann\load\OeApplianceLoad.java
D:\CODE\java\catalog\CatalogMann\src\main\java\ru\goodfil\catalog\mann\load\OeLoad.java
D:\CODE\java\catalog\CatalogMann\src\main\java\ru\goodfil\catalog\mann\load\PackageWorkUnit.java
D:\CODE\java\catalog\CatalogMann\src\main\java\ru\goodfil\catalog\mann\load\SeriaLoad.java
D:\CODE\java\catalog\CatalogMann\src\main\java\ru\goodfil\catalog\mann\load\VechicleTypeLoad.java
D:\CODE\java\catalog\CatalogMann\src\main\java\ru\goodfil\catalog\mann\LoadApplication.java
D:\CODE\java\catalog\CatalogMann\src\main\java\ru\goodfil\catalog\mann\LoadService.java
D:\CODE\java\catalog\CatalogMann\src\main\java\ru\goodfil\catalog\mann\merge\AbstractMerge.java
D:\CODE\java\catalog\CatalogMann\src\main\java\ru\goodfil\catalog\mann\merge\AbstractMergeUnit.java
D:\CODE\java\catalog\CatalogMann\src\main\java\ru\goodfil\catalog\mann\merge\BrandsAndOesUnit.java
D:\CODE\java\catalog\CatalogMann\src\main\java\ru\goodfil\catalog\mann\merge\BrandsMerge.java
D:\CODE\java\catalog\CatalogMann\src\main\java\ru\goodfil\catalog\mann\merge\CarsUnit.java
D:\CODE\java\catalog\CatalogMann\src\main\java\ru\goodfil\catalog\mann\merge\FilterFormsMerge.java
D:\CODE\java\catalog\CatalogMann\src\main\java\ru\goodfil\catalog\mann\merge\FiltersAndMotorsApplianceMerge.java
D:\CODE\java\catalog\CatalogMann\src\main\java\ru\goodfil\catalog\mann\merge\FiltersAndMotorsApplianceUnit.java
D:\CODE\java\catalog\CatalogMann\src\main\java\ru\goodfil\catalog\mann\merge\FiltersAndOesApplianceMerge.java
D:\CODE\java\catalog\CatalogMann\src\main\java\ru\goodfil\catalog\mann\merge\FiltersAndOesApplianceUnit.java
D:\CODE\java\catalog\CatalogMann\src\main\java\ru\goodfil\catalog\mann\merge\FiltersMerge.java
D:\CODE\java\catalog\CatalogMann\src\main\java\ru\goodfil\catalog\mann\merge\FiltersUnit.java
D:\CODE\java\catalog\CatalogMann\src\main\java\ru\goodfil\catalog\mann\merge\FilterTypesMerge.java
D:\CODE\java\catalog\CatalogMann\src\main\java\ru\goodfil\catalog\mann\merge\ManufactorsMerge.java
D:\CODE\java\catalog\CatalogMann\src\main\java\ru\goodfil\catalog\mann\merge\Merge.java
D:\CODE\java\catalog\CatalogMann\src\main\java\ru\goodfil\catalog\mann\merge\MergeContext.java
D:\CODE\java\catalog\CatalogMann\src\main\java\ru\goodfil\catalog\mann\merge\Mergers.java
D:\CODE\java\catalog\CatalogMann\src\main\java\ru\goodfil\catalog\mann\merge\MotorsMerge.java
D:\CODE\java\catalog\CatalogMann\src\main\java\ru\goodfil\catalog\mann\merge\OesMerge.java
D:\CODE\java\catalog\CatalogMann\src\main\java\ru\goodfil\catalog\mann\merge\SeriesMerge.java
D:\CODE\java\catalog\CatalogMann\src\main\java\ru\goodfil\catalog\mann\merge\Source.java
D:\CODE\java\catalog\CatalogMann\src\main\java\ru\goodfil\catalog\mann\merge\Wrapper.java
D:\CODE\java\catalog\CatalogMann\src\main\java\ru\goodfil\catalog\mann\MergeApplication.java
D:\CODE\java\catalog\CatalogMann\src\main\java\ru\goodfil\catalog\mann\MergeService.java
D:\CODE\java\catalog\CatalogMann\src\main\java\ru\goodfil\catalog\mann\services\BaseWorkUnit.java
D:\CODE\java\catalog\CatalogMann\src\main\java\ru\goodfil\catalog\mann\services\BrandWorkUnit.java
D:\CODE\java\catalog\CatalogMann\src\main\java\ru\goodfil\catalog\mann\services\FilterApplianceUnit.java
D:\CODE\java\catalog\CatalogMann\src\main\java\ru\goodfil\catalog\mann\services\FilterFormWorkUnit.java
D:\CODE\java\catalog\CatalogMann\src\main\java\ru\goodfil\catalog\mann\services\FilterTypeWorkUnit.java
D:\CODE\java\catalog\CatalogMann\src\main\java\ru\goodfil\catalog\mann\services\FilterWorkUnit.java
D:\CODE\java\catalog\CatalogMann\src\main\java\ru\goodfil\catalog\mann\services\MannEtlService.java
D:\CODE\java\catalog\CatalogMann\src\main\java\ru\goodfil\catalog\mann\services\ManufactorWorkUnit.java
D:\CODE\java\catalog\CatalogMann\src\main\java\ru\goodfil\catalog\mann\services\MotorWorkUnit.java
D:\CODE\java\catalog\CatalogMann\src\main\java\ru\goodfil\catalog\mann\services\OeApplianceUnit.java
D:\CODE\java\catalog\CatalogMann\src\main\java\ru\goodfil\catalog\mann\services\OeWorkUnit.java
D:\CODE\java\catalog\CatalogMann\src\main\java\ru\goodfil\catalog\mann\services\PackageWorkUnit.java
D:\CODE\java\catalog\CatalogMann\src\main\java\ru\goodfil\catalog\mann\services\SeriaWorkUnit.java
D:\CODE\java\catalog\CatalogMann\src\main\java\ru\goodfil\catalog\mann\services\VechicleTypeWorkUnit.java
D:\CODE\java\catalog\CatalogMann\src\main\java\ru\goodfil\catalog\mann\upgrade\AbstractUpgradeProcess.java
D:\CODE\java\catalog\CatalogMann\src\main\java\ru\goodfil\catalog\mann\upgrade\CreateInitialDatabase.java
D:\CODE\java\catalog\CatalogMann\src\main\java\ru\goodfil\catalog\mann\upgrade\StartUpgradeProcess.java
D:\CODE\java\catalog\CatalogMann\src\main\java\ru\goodfil\catalog\mann\upgrade\UpgradeProcessManager.java
