-encoding
UTF-8
-source
1.6
-target
1.6
-classpath
C:\Users\Волков Олег\.m2\repository\com\jgoodies\forms\1.2.1\forms-1.2.1.jar;C:\Users\Волков Олег\.m2\repository\com\jgoodies\looks\2.2.2\looks-2.2.2.jar;C:\Users\Волков Олег\.m2\repository\com\jgoodies\binding\2.0.6\binding-2.0.6.jar;C:\Users\Волков Олег\.m2\repository\net\java\dev\beansbinding\beansbinding\1.2.1\beansbinding-1.2.1.jar;C:\Users\Волков Олег\.m2\repository\com\jgoodies\validation\2.0.1\validation-2.0.1.jar;C:\Users\Волков Олег\.m2\repository\commons-lang\commons-lang\2.6\commons-lang-2.6.jar;C:\Users\Волков Олег\.m2\repository\commons-collections\commons-collections\3.2.1\commons-collections-3.2.1.jar;C:\Users\Волков Олег\.m2\repository\commons-beanutils\commons-beanutils\1.8.3\commons-beanutils-1.8.3.jar;C:\Users\Волков Олег\.m2\repository\commons-io\commons-io\2.0.1\commons-io-2.0.1.jar;C:\Users\Волков Олег\.m2\repository\javax\mail\mail\1.4\mail-1.4.jar;C:\Users\Волков Олег\.m2\repository\com\google\inject\guice\3.0\guice-3.0.jar;C:\Users\Волков Олег\.m2\repository\org\hibernate\hibernate-core\3.6.5.Final\hibernate-core-3.6.5.Final.jar;C:\Users\Волков Олег\.m2\repository\org\hibernate\hibernate-validator\4.2.0.Final\hibernate-validator-4.2.0.Final.jar;C:\Users\Волков Олег\.m2\repository\org\aspectj\aspectjrt\1.6.11\aspectjrt-1.6.11.jar;C:\Users\Волков Олег\.m2\repository\com\h2database\h2\1.3.167\h2-1.3.167.jar;C:\Users\Волков Олег\.m2\repository\org\slf4j\slf4j-simple\1.6.6\slf4j-simple-1.6.6.jar;C:\Users\Волков Олег\.m2\repository\javassist\javassist\3.12.1.GA\javassist-3.12.1.GA.jar;C:\Users\Волков Олег\.m2\repository\com\thoughtworks\xstream\xstream\1.4.2\xstream-1.4.2.jar;D:\CODE\java\catalog\CatalogCore\target\catalog.core-1.1.15.0.jar;D:\CODE\java\catalog\CatalogUtils\target\catalog.utils-1.1.15.0.jar;C:\Users\Волков Олег\.m2\repository\commons-logging\commons-logging\1.1.1\commons-logging-1.1.1.jar;C:\Users\Волков Олег\.m2\repository\javax\activation\activation\1.1\activation-1.1.jar;C:\Users\Волков Олег\.m2\repository\javax\inject\javax.inject\1\javax.inject-1.jar;C:\Users\Волков Олег\.m2\repository\aopalliance\aopalliance\1.0\aopalliance-1.0.jar;C:\Users\Волков Олег\.m2\repository\antlr\antlr\2.7.6\antlr-2.7.6.jar;C:\Users\Волков Олег\.m2\repository\dom4j\dom4j\1.6.1\dom4j-1.6.1.jar;C:\Users\Волков Олег\.m2\repository\org\hibernate\hibernate-commons-annotations\3.2.0.Final\hibernate-commons-annotations-3.2.0.Final.jar;C:\Users\Волков Олег\.m2\repository\org\hibernate\javax\persistence\hibernate-jpa-2.0-api\1.0.0.Final\hibernate-jpa-2.0-api-1.0.0.Final.jar;C:\Users\Волков Олег\.m2\repository\javax\transaction\jta\1.1\jta-1.1.jar;C:\Users\Волков Олег\.m2\repository\org\slf4j\slf4j-api\1.6.6\slf4j-api-1.6.6.jar;C:\Users\Волков Олег\.m2\repository\javax\validation\validation-api\1.0.0.GA\validation-api-1.0.0.GA.jar;C:\Users\Волков Олег\.m2\repository\xmlpull\xmlpull\1.1.3.1\xmlpull-1.1.3.1.jar;C:\Users\Волков Олег\.m2\repository\xpp3\xpp3_min\1.1.4c\xpp3_min-1.1.4c.jar;C:\Users\Волков Олег\.m2\repository\org\apache\poi\poi\3.5-FINAL\poi-3.5-FINAL.jar;C:\Users\Волков Олег\.m2\repository\org\jdom\jdom\2.0.2\jdom-2.0.2.jar;D:\CODE\java\catalog\CatalogUI\target\classes
-aspectpath
D:\CODE\java\catalog\CatalogUtils\target\catalog.utils-1.1.15.0.jar
-d
D:\CODE\java\catalog\CatalogUI\target\classes
D:\CODE\java\catalog\CatalogUI\src\main\java\ru\goodfil\catalog\ui\adapters\BigFilterTableAdapter.java
D:\CODE\java\catalog\CatalogUI\src\main\java\ru\goodfil\catalog\ui\adapters\BigMotorTableAdapter.java
D:\CODE\java\catalog\CatalogUI\src\main\java\ru\goodfil\catalog\ui\adapters\MotorTableAdapter.java
D:\CODE\java\catalog\CatalogUI\src\main\java\ru\goodfil\catalog\ui\adapters\SmallFilterTableAdapter.java
D:\CODE\java\catalog\CatalogUI\src\main\java\ru\goodfil\catalog\ui\adapters\sorters\BigMotorTableSorter.java
D:\CODE\java\catalog\CatalogUI\src\main\java\ru\goodfil\catalog\ui\adapters\sorters\MotorTableSorter.java
D:\CODE\java\catalog\CatalogUI\src\main\java\ru\goodfil\catalog\ui\Application.java
D:\CODE\java\catalog\CatalogUI\src\main\java\ru\goodfil\catalog\ui\cellrenderer\FilterTableCellRenderer.java
D:\CODE\java\catalog\CatalogUI\src\main\java\ru\goodfil\catalog\ui\cellrenderer\MannListsCellRenderer.java
D:\CODE\java\catalog\CatalogUI\src\main\java\ru\goodfil\catalog\ui\cellrenderer\MannTablesCellRenderer.java
D:\CODE\java\catalog\CatalogUI\src\main\java\ru\goodfil\catalog\ui\forms\AboutWindow.java
D:\CODE\java\catalog\CatalogUI\src\main\java\ru\goodfil\catalog\ui\forms\CarsPanel.java
D:\CODE\java\catalog\CatalogUI\src\main\java\ru\goodfil\catalog\ui\forms\DateWindow.java
D:\CODE\java\catalog\CatalogUI\src\main\java\ru\goodfil\catalog\ui\forms\DeployDatabaseWindow.java
D:\CODE\java\catalog\CatalogUI\src\main\java\ru\goodfil\catalog\ui\forms\dict\FilterFormEditWindow.java
D:\CODE\java\catalog\CatalogUI\src\main\java\ru\goodfil\catalog\ui\forms\dict\FilterFormWindow.java
D:\CODE\java\catalog\CatalogUI\src\main\java\ru\goodfil\catalog\ui\forms\dict\FilterTypeEditWindow.java
D:\CODE\java\catalog\CatalogUI\src\main\java\ru\goodfil\catalog\ui\forms\ExceptionWindow.java
D:\CODE\java\catalog\CatalogUI\src\main\java\ru\goodfil\catalog\ui\forms\ExportWindow.java
D:\CODE\java\catalog\CatalogUI\src\main\java\ru\goodfil\catalog\ui\forms\FiltersPanel.java
D:\CODE\java\catalog\CatalogUI\src\main\java\ru\goodfil\catalog\ui\forms\FilterWindow.java
D:\CODE\java\catalog\CatalogUI\src\main\java\ru\goodfil\catalog\ui\forms\ImportOeWindow.java
D:\CODE\java\catalog\CatalogUI\src\main\java\ru\goodfil\catalog\ui\forms\JoinWindow.java
D:\CODE\java\catalog\CatalogUI\src\main\java\ru\goodfil\catalog\ui\forms\MainWindow.java
D:\CODE\java\catalog\CatalogUI\src\main\java\ru\goodfil\catalog\ui\forms\MotorWindow.java
D:\CODE\java\catalog\CatalogUI\src\main\java\ru\goodfil\catalog\ui\forms\NameWindow.java
D:\CODE\java\catalog\CatalogUI\src\main\java\ru\goodfil\catalog\ui\forms\OePanel.java
D:\CODE\java\catalog\CatalogUI\src\main\java\ru\goodfil\catalog\ui\guice\CatalogModule.java
D:\CODE\java\catalog\CatalogUI\src\main\java\ru\goodfil\catalog\ui\guice\impl\PropertiesServiceImpl.java
D:\CODE\java\catalog\CatalogUI\src\main\java\ru\goodfil\catalog\ui\models\CarsTabModel.java
D:\CODE\java\catalog\CatalogUI\src\main\java\ru\goodfil\catalog\ui\models\FilterWindowModel.java
D:\CODE\java\catalog\CatalogUI\src\main\java\ru\goodfil\catalog\ui\models\GoodsTabModel.java
D:\CODE\java\catalog\CatalogUI\src\main\java\ru\goodfil\catalog\ui\Services.java
D:\CODE\java\catalog\CatalogUI\src\main\java\ru\goodfil\catalog\ui\swing\CatalogJDialog.java
D:\CODE\java\catalog\CatalogUI\src\main\java\ru\goodfil\catalog\ui\swing\clipboard\ClipboardUtils.java
D:\CODE\java\catalog\CatalogUI\src\main\java\ru\goodfil\catalog\ui\swing\ComboAdapter.java
D:\CODE\java\catalog\CatalogUI\src\main\java\ru\goodfil\catalog\ui\swing\DefaultLongDictionary.java
D:\CODE\java\catalog\CatalogUI\src\main\java\ru\goodfil\catalog\ui\swing\DefaultStringDictionary.java
D:\CODE\java\catalog\CatalogUI\src\main\java\ru\goodfil\catalog\ui\swing\DialogResult.java
D:\CODE\java\catalog\CatalogUI\src\main\java\ru\goodfil\catalog\ui\swing\EditMode.java
D:\CODE\java\catalog\CatalogUI\src\main\java\ru\goodfil\catalog\ui\swing\ListAdapter.java
D:\CODE\java\catalog\CatalogUI\src\main\java\ru\goodfil\catalog\ui\swing\MessagesRenderer.java
D:\CODE\java\catalog\CatalogUI\src\main\java\ru\goodfil\catalog\ui\swing\renderers\NiceTableCellRenderer.java
D:\CODE\java\catalog\CatalogUI\src\main\java\ru\goodfil\catalog\ui\swing\resolver\DefaultResolver.java
D:\CODE\java\catalog\CatalogUI\src\main\java\ru\goodfil\catalog\ui\swing\resolver\Resolver.java
D:\CODE\java\catalog\CatalogUI\src\main\java\ru\goodfil\catalog\ui\swing\UIDictionary.java
D:\CODE\java\catalog\CatalogUI\src\main\java\ru\goodfil\catalog\ui\swing\UIUtils.java
D:\CODE\java\catalog\CatalogUI\src\main\java\ru\goodfil\catalog\ui\swing\validation\DefaultValidationAction.java
D:\CODE\java\catalog\CatalogUI\src\main\java\ru\goodfil\catalog\ui\swing\validation\ValidationAction.java
D:\CODE\java\catalog\CatalogUI\src\main\java\ru\goodfil\catalog\ui\swing\validation\ValidationModule.java
D:\CODE\java\catalog\CatalogUI\src\main\java\ru\goodfil\catalog\ui\utils\Clipboard.java
