-encoding
UTF-8
-source
1.6
-target
1.6
-classpath
C:\Users\Волков Олег\.m2\repository\org\hibernate\hibernate-core\3.6.5.Final\hibernate-core-3.6.5.Final.jar;C:\Users\Волков Олег\.m2\repository\org\hibernate\hibernate-validator\4.2.0.Final\hibernate-validator-4.2.0.Final.jar;C:\Users\Волков Олег\.m2\repository\com\h2database\h2\1.3.167\h2-1.3.167.jar;C:\Users\Волков Олег\.m2\repository\org\slf4j\slf4j-simple\1.6.6\slf4j-simple-1.6.6.jar;C:\Users\Волков Олег\.m2\repository\javassist\javassist\3.12.1.GA\javassist-3.12.1.GA.jar;C:\Users\Волков Олег\.m2\repository\com\google\inject\guice\3.0\guice-3.0.jar;C:\Users\Волков Олег\.m2\repository\commons-collections\commons-collections\3.2.1\commons-collections-3.2.1.jar;C:\Users\Волков Олег\.m2\repository\com\thoughtworks\xstream\xstream\1.4.2\xstream-1.4.2.jar;C:\Users\Волков Олег\.m2\repository\commons-io\commons-io\2.0.1\commons-io-2.0.1.jar;C:\Users\Волков Олег\.m2\repository\commons-lang\commons-lang\2.6\commons-lang-2.6.jar;C:\Users\Волков Олег\.m2\repository\commons-beanutils\commons-beanutils\1.8.3\commons-beanutils-1.8.3.jar;C:\Users\Волков Олег\.m2\repository\org\apache\poi\poi\3.5-FINAL\poi-3.5-FINAL.jar;C:\Users\Волков Олег\.m2\repository\org\aspectj\aspectjrt\1.6.11\aspectjrt-1.6.11.jar;C:\Users\Волков Олег\.m2\repository\org\testng\testng\6.1.1\testng-6.1.1.jar;C:\Users\Волков Олег\.m2\repository\org\jdom\jdom\2.0.2\jdom-2.0.2.jar;D:\CODE\java\catalog\CatalogUtils\target\catalog.utils-1.1.15.0.jar;C:\Users\Волков Олег\.m2\repository\antlr\antlr\2.7.6\antlr-2.7.6.jar;C:\Users\Волков Олег\.m2\repository\dom4j\dom4j\1.6.1\dom4j-1.6.1.jar;C:\Users\Волков Олег\.m2\repository\org\hibernate\hibernate-commons-annotations\3.2.0.Final\hibernate-commons-annotations-3.2.0.Final.jar;C:\Users\Волков Олег\.m2\repository\org\hibernate\javax\persistence\hibernate-jpa-2.0-api\1.0.0.Final\hibernate-jpa-2.0-api-1.0.0.Final.jar;C:\Users\Волков Олег\.m2\repository\javax\transaction\jta\1.1\jta-1.1.jar;C:\Users\Волков Олег\.m2\repository\org\slf4j\slf4j-api\1.6.6\slf4j-api-1.6.6.jar;C:\Users\Волков Олег\.m2\repository\javax\validation\validation-api\1.0.0.GA\validation-api-1.0.0.GA.jar;C:\Users\Волков Олег\.m2\repository\javax\inject\javax.inject\1\javax.inject-1.jar;C:\Users\Волков Олег\.m2\repository\aopalliance\aopalliance\1.0\aopalliance-1.0.jar;C:\Users\Волков Олег\.m2\repository\xmlpull\xmlpull\1.1.3.1\xmlpull-1.1.3.1.jar;C:\Users\Волков Олег\.m2\repository\xpp3\xpp3_min\1.1.4c\xpp3_min-1.1.4c.jar;C:\Users\Волков Олег\.m2\repository\commons-logging\commons-logging\1.1.1\commons-logging-1.1.1.jar;D:\CODE\java\catalog\CatalogCore\target\classes
-aspectpath
D:\CODE\java\catalog\CatalogUtils\target\catalog.utils-1.1.15.0.jar
-d
D:\CODE\java\catalog\CatalogCore\target\classes
D:\CODE\java\catalog\CatalogCore\src\main\java\ru\goodfil\catalog\adapters\BrandAdapter.java
D:\CODE\java\catalog\CatalogCore\src\main\java\ru\goodfil\catalog\adapters\FilterAdapter.java
D:\CODE\java\catalog\CatalogCore\src\main\java\ru\goodfil\catalog\adapters\FilterFormAdapter.java
D:\CODE\java\catalog\CatalogCore\src\main\java\ru\goodfil\catalog\adapters\FiltersAndMotorsAdapter.java
D:\CODE\java\catalog\CatalogCore\src\main\java\ru\goodfil\catalog\adapters\FiltersAndOesAdapter.java
D:\CODE\java\catalog\CatalogCore\src\main\java\ru\goodfil\catalog\adapters\FilterTypeAdapter.java
D:\CODE\java\catalog\CatalogCore\src\main\java\ru\goodfil\catalog\adapters\ManufactorAdapter.java
D:\CODE\java\catalog\CatalogCore\src\main\java\ru\goodfil\catalog\adapters\MotorAdapter.java
D:\CODE\java\catalog\CatalogCore\src\main\java\ru\goodfil\catalog\adapters\NativeSQLAdapter.java
D:\CODE\java\catalog\CatalogCore\src\main\java\ru\goodfil\catalog\adapters\OeAdapter.java
D:\CODE\java\catalog\CatalogCore\src\main\java\ru\goodfil\catalog\adapters\SeriaAdapter.java
D:\CODE\java\catalog\CatalogCore\src\main\java\ru\goodfil\catalog\adapters\SettingAdapter.java
D:\CODE\java\catalog\CatalogCore\src\main\java\ru\goodfil\catalog\adapters\TableAdapter.java
D:\CODE\java\catalog\CatalogCore\src\main\java\ru\goodfil\catalog\adapters\VechicleTypeAdapter.java
D:\CODE\java\catalog\CatalogCore\src\main\java\ru\goodfil\catalog\domain\Brand.java
D:\CODE\java\catalog\CatalogCore\src\main\java\ru\goodfil\catalog\domain\dict\FilterStatus.java
D:\CODE\java\catalog\CatalogCore\src\main\java\ru\goodfil\catalog\domain\dict\FilterType.java
D:\CODE\java\catalog\CatalogCore\src\main\java\ru\goodfil\catalog\domain\dict\VechicleType.java
D:\CODE\java\catalog\CatalogCore\src\main\java\ru\goodfil\catalog\domain\Filter.java
D:\CODE\java\catalog\CatalogCore\src\main\java\ru\goodfil\catalog\domain\FilterForm.java
D:\CODE\java\catalog\CatalogCore\src\main\java\ru\goodfil\catalog\domain\FiltersAndMotors.java
D:\CODE\java\catalog\CatalogCore\src\main\java\ru\goodfil\catalog\domain\FiltersAndOes.java
D:\CODE\java\catalog\CatalogCore\src\main\java\ru\goodfil\catalog\domain\Manufactor.java
D:\CODE\java\catalog\CatalogCore\src\main\java\ru\goodfil\catalog\domain\Motor.java
D:\CODE\java\catalog\CatalogCore\src\main\java\ru\goodfil\catalog\domain\Oe.java
D:\CODE\java\catalog\CatalogCore\src\main\java\ru\goodfil\catalog\domain\parts\FilterRelativeMotor.java
D:\CODE\java\catalog\CatalogCore\src\main\java\ru\goodfil\catalog\domain\Recordation.java
D:\CODE\java\catalog\CatalogCore\src\main\java\ru\goodfil\catalog\domain\Seria.java
D:\CODE\java\catalog\CatalogCore\src\main\java\ru\goodfil\catalog\domain\Setting.java
D:\CODE\java\catalog\CatalogCore\src\main\java\ru\goodfil\catalog\exceptions\DatabaseAccessException.java
D:\CODE\java\catalog\CatalogCore\src\main\java\ru\goodfil\catalog\exceptions\GoodwillCatalogException.java
D:\CODE\java\catalog\CatalogCore\src\main\java\ru\goodfil\catalog\export\domain\fullexport\FullCatalogExportParams.java
D:\CODE\java\catalog\CatalogCore\src\main\java\ru\goodfil\catalog\export\domain\fullexport\FullExportDocumentModel.java
D:\CODE\java\catalog\CatalogCore\src\main\java\ru\goodfil\catalog\export\domain\fullexport\RowFiltersModel.java
D:\CODE\java\catalog\CatalogCore\src\main\java\ru\goodfil\catalog\export\domain\fullexport\RowModel.java
D:\CODE\java\catalog\CatalogCore\src\main\java\ru\goodfil\catalog\export\domain\oeexport\OesDocumentModel.java
D:\CODE\java\catalog\CatalogCore\src\main\java\ru\goodfil\catalog\export\domain\oeexport\RowModel.java
D:\CODE\java\catalog\CatalogCore\src\main\java\ru\goodfil\catalog\export\service\ExportService.java
D:\CODE\java\catalog\CatalogCore\src\main\java\ru\goodfil\catalog\export\service\impl\ExportServiceImpl.java
D:\CODE\java\catalog\CatalogCore\src\main\java\ru\goodfil\catalog\gc\Gc.java
D:\CODE\java\catalog\CatalogCore\src\main\java\ru\goodfil\catalog\reporting\FullCatalogExporter.java
D:\CODE\java\catalog\CatalogCore\src\main\java\ru\goodfil\catalog\reporting\OesExporter.java
D:\CODE\java\catalog\CatalogCore\src\main\java\ru\goodfil\catalog\reporting\OesXmlExporter.java
D:\CODE\java\catalog\CatalogCore\src\main\java\ru\goodfil\catalog\services\AnalogsService.java
D:\CODE\java\catalog\CatalogCore\src\main\java\ru\goodfil\catalog\services\CarsService.java
D:\CODE\java\catalog\CatalogCore\src\main\java\ru\goodfil\catalog\services\DictionaryService.java
D:\CODE\java\catalog\CatalogCore\src\main\java\ru\goodfil\catalog\services\FiltersService.java
D:\CODE\java\catalog\CatalogCore\src\main\java\ru\goodfil\catalog\services\impl\AnalogServiceImpl.java
D:\CODE\java\catalog\CatalogCore\src\main\java\ru\goodfil\catalog\services\impl\CarsServiceImpl.java
D:\CODE\java\catalog\CatalogCore\src\main\java\ru\goodfil\catalog\services\impl\DictionaryServiceImpl.java
D:\CODE\java\catalog\CatalogCore\src\main\java\ru\goodfil\catalog\services\impl\FiltersServiceImpl.java
D:\CODE\java\catalog\CatalogCore\src\main\java\ru\goodfil\catalog\services\impl\SearchAutoIndexServiceImpl.java
D:\CODE\java\catalog\CatalogCore\src\main\java\ru\goodfil\catalog\services\impl\SettingsServiceImpl.java
D:\CODE\java\catalog\CatalogCore\src\main\java\ru\goodfil\catalog\services\PropertiesService.java
D:\CODE\java\catalog\CatalogCore\src\main\java\ru\goodfil\catalog\services\SearchAutoIndexService.java
D:\CODE\java\catalog\CatalogCore\src\main\java\ru\goodfil\catalog\services\SettingsService.java
D:\CODE\java\catalog\CatalogCore\src\main\java\ru\goodfil\catalog\utils\CustomIdentityGenerator.java
D:\CODE\java\catalog\CatalogCore\src\main\java\ru\goodfil\catalog\utils\DimentionModel.java
D:\CODE\java\catalog\CatalogCore\src\main\java\ru\goodfil\catalog\utils\impl\DefaultSessionProvider.java
D:\CODE\java\catalog\CatalogCore\src\main\java\ru\goodfil\catalog\utils\JoinOptions.java
D:\CODE\java\catalog\CatalogCore\src\main\java\ru\goodfil\catalog\utils\SearchMask.java
D:\CODE\java\catalog\CatalogCore\src\main\java\ru\goodfil\catalog\utils\SessionFactoryHolder.java
D:\CODE\java\catalog\CatalogCore\src\main\java\ru\goodfil\catalog\utils\SessionFactoryReference.java
D:\CODE\java\catalog\CatalogCore\src\main\java\ru\goodfil\catalog\utils\SessionProvider.java
