-encoding
UTF-8
-source
1.6
-target
1.6
-classpath
C:\Users\Волков Олег\.m2\repository\javax\servlet\servlet-api\2.4\servlet-api-2.4.jar;C:\Users\Волков Олег\.m2\repository\javax\servlet\jsp-api\2.0\jsp-api-2.0.jar;C:\Users\Волков Олег\.m2\repository\javax\servlet\jsp\jsp-api\2.0\jsp-api-2.0.jar;C:\Users\Волков Олег\.m2\repository\javax\faces\jsf-api\1.2_12\jsf-api-1.2_12.jar;C:\Users\Волков Олег\.m2\repository\javax\faces\jsf-impl\1.2_12\jsf-impl-1.2_12.jar;C:\Users\Волков Олег\.m2\repository\javax\el\el-api\1.0\el-api-1.0.jar;C:\Users\Волков Олег\.m2\repository\el-impl\el-impl\1.0\el-impl-1.0.jar;C:\Users\Волков Олег\.m2\repository\javax\annotation\jsr250-api\1.0\jsr250-api-1.0.jar;C:\Users\Волков Олег\.m2\repository\org\richfaces\framework\richfaces-api\3.3.3.Final\richfaces-api-3.3.3.Final.jar;C:\Users\Волков Олег\.m2\repository\org\richfaces\framework\richfaces-impl\3.3.3.Final\richfaces-impl-3.3.3.Final.jar;C:\Users\Волков Олег\.m2\repository\org\richfaces\ui\richfaces-ui\3.3.3.Final\richfaces-ui-3.3.3.Final.jar;C:\Users\Волков Олег\.m2\repository\junit\junit\3.8.1\junit-3.8.1.jar;C:\Users\Волков Олег\.m2\repository\xerces\xercesImpl\2.10.0\xercesImpl-2.10.0.jar;C:\Users\Волков Олег\.m2\repository\com\uwyn\jhighlight\1.0\jhighlight-1.0.jar;C:\Users\Волков Олег\.m2\repository\org\richfaces\samples\laguna\3.3.3.Final\laguna-3.3.3.Final.jar;C:\Users\Волков Олег\.m2\repository\org\richfaces\samples\glassX\3.3.3.Final\glassX-3.3.3.Final.jar;C:\Users\Волков Олег\.m2\repository\org\richfaces\samples\darkX\3.3.3.Final\darkX-3.3.3.Final.jar;C:\Users\Волков Олег\.m2\repository\org\richfaces\samples\themes\3.3.3.Final\themes-3.3.3.Final.jar;C:\Users\Волков Олег\.m2\repository\org\richfaces\samples\violetRays\3.3.3.Final\violetRays-3.3.3.Final.jar;C:\Users\Волков Олег\.m2\repository\com\sun\facelets\jsf-facelets\1.1.14\jsf-facelets-1.1.14.jar;C:\Users\Волков Олег\.m2\repository\org\hibernate\hibernate-core\3.6.5.Final\hibernate-core-3.6.5.Final.jar;C:\Users\Волков Олег\.m2\repository\org\hibernate\hibernate-validator\4.2.0.Final\hibernate-validator-4.2.0.Final.jar;C:\Users\Волков Олег\.m2\repository\com\h2database\h2\1.3.167\h2-1.3.167.jar;C:\Users\Волков Олег\.m2\repository\org\slf4j\slf4j-simple\1.6.6\slf4j-simple-1.6.6.jar;C:\Users\Волков Олег\.m2\repository\javassist\javassist\3.12.1.GA\javassist-3.12.1.GA.jar;C:\Users\Волков Олег\.m2\repository\org\tuckey\urlrewrite\2.5.2\urlrewrite-2.5.2.jar;C:\Users\Волков Олег\.m2\repository\org\hibernate\hibernate-c3p0\3.6.10.Final\hibernate-c3p0-3.6.10.Final.jar;C:\Users\Волков Олег\.m2\repository\net\sf\ehcache\ehcache-core\2.6.0\ehcache-core-2.6.0.jar;C:\Users\Волков Олег\.m2\repository\log4j\log4j\1.2.17\log4j-1.2.17.jar;C:\Users\Волков Олег\.m2\repository\org\slf4j\slf4j-log4j12\1.6.6\slf4j-log4j12-1.6.6.jar;C:\Users\Волков Олег\.m2\repository\org\slf4j\slf4j-api\1.6.6\slf4j-api-1.6.6.jar;C:\Users\Волков Олег\.m2\repository\com\google\inject\guice\3.0\guice-3.0.jar;C:\Users\Волков Олег\.m2\repository\commons-lang\commons-lang\2.6\commons-lang-2.6.jar;C:\Users\Волков Олег\.m2\repository\commons-collections\commons-collections\3.2.1\commons-collections-3.2.1.jar;C:\Users\Волков Олег\.m2\repository\commons-beanutils\commons-beanutils\1.8.3\commons-beanutils-1.8.3.jar;C:\Users\Волков Олег\.m2\repository\commons-io\commons-io\2.0.1\commons-io-2.0.1.jar;C:\Users\Волков Олег\.m2\repository\com\thoughtworks\xstream\xstream\1.4.2\xstream-1.4.2.jar;C:\Users\Волков Олег\.m2\repository\org\aspectj\aspectjrt\1.6.11\aspectjrt-1.6.11.jar;C:\Users\Волков Олег\.m2\repository\org\jsoup\jsoup\1.7.2\jsoup-1.7.2.jar;D:\CODE\java\catalog\CatalogCore\target\catalog.core-1.1.15.0.jar;D:\CODE\java\catalog\CatalogUtils\target\catalog.utils-1.1.15.0.jar;C:\Users\Волков Олег\.m2\repository\javax\servlet\jstl\1.0\jstl-1.0.jar;C:\Users\Волков Олег\.m2\repository\commons-logging\commons-logging\1.1.1\commons-logging-1.1.1.jar;C:\Users\Волков Олег\.m2\repository\commons-digester\commons-digester\1.8.1\commons-digester-1.8.1.jar;C:\Users\Волков Олег\.m2\repository\xml-apis\xml-apis\1.4.01\xml-apis-1.4.01.jar;C:\Users\Волков Олег\.m2\repository\antlr\antlr\2.7.6\antlr-2.7.6.jar;C:\Users\Волков Олег\.m2\repository\dom4j\dom4j\1.6.1\dom4j-1.6.1.jar;C:\Users\Волков Олег\.m2\repository\org\hibernate\hibernate-commons-annotations\3.2.0.Final\hibernate-commons-annotations-3.2.0.Final.jar;C:\Users\Волков Олег\.m2\repository\org\hibernate\javax\persistence\hibernate-jpa-2.0-api\1.0.0.Final\hibernate-jpa-2.0-api-1.0.0.Final.jar;C:\Users\Волков Олег\.m2\repository\javax\transaction\jta\1.1\jta-1.1.jar;C:\Users\Волков Олег\.m2\repository\javax\validation\validation-api\1.0.0.GA\validation-api-1.0.0.GA.jar;C:\Users\Волков Олег\.m2\repository\c3p0\c3p0\0.9.1\c3p0-0.9.1.jar;C:\Users\Волков Олег\.m2\repository\javax\inject\javax.inject\1\javax.inject-1.jar;C:\Users\Волков Олег\.m2\repository\aopalliance\aopalliance\1.0\aopalliance-1.0.jar;C:\Users\Волков Олег\.m2\repository\xmlpull\xmlpull\1.1.3.1\xmlpull-1.1.3.1.jar;C:\Users\Волков Олег\.m2\repository\xpp3\xpp3_min\1.1.4c\xpp3_min-1.1.4c.jar;C:\Users\Волков Олег\.m2\repository\org\apache\poi\poi\3.5-FINAL\poi-3.5-FINAL.jar;C:\Users\Волков Олег\.m2\repository\org\jdom\jdom\2.0.2\jdom-2.0.2.jar;D:\CODE\java\catalog\CatalogWeb\target\classes
-aspectpath
D:\CODE\java\catalog\CatalogUtils\target\catalog.utils-1.1.15.0.jar
-d
D:\CODE\java\catalog\CatalogWeb\target\classes
D:\CODE\java\catalog\CatalogWeb\src\main\java\ru\goodfil\catalog\web\converter\FilterFormConverter.java
D:\CODE\java\catalog\CatalogWeb\src\main\java\ru\goodfil\catalog\web\converter\FilterTypeCodeConverter.java
D:\CODE\java\catalog\CatalogWeb\src\main\java\ru\goodfil\catalog\web\converter\ShortDateTimeConverter.java
D:\CODE\java\catalog\CatalogWeb\src\main\java\ru\goodfil\catalog\web\CrossReferenceBean.java
D:\CODE\java\catalog\CatalogWeb\src\main\java\ru\goodfil\catalog\web\FilterBean.java
D:\CODE\java\catalog\CatalogWeb\src\main\java\ru\goodfil\catalog\web\GoodwillGoodBean.java
D:\CODE\java\catalog\CatalogWeb\src\main\java\ru\goodfil\catalog\web\i18n\domain\Context.java
D:\CODE\java\catalog\CatalogWeb\src\main\java\ru\goodfil\catalog\web\i18n\domain\DomainTest.java
D:\CODE\java\catalog\CatalogWeb\src\main\java\ru\goodfil\catalog\web\i18n\domain\I18n.java
D:\CODE\java\catalog\CatalogWeb\src\main\java\ru\goodfil\catalog\web\i18n\domain\Item.java
D:\CODE\java\catalog\CatalogWeb\src\main\java\ru\goodfil\catalog\web\i18n\domain\Translation.java
D:\CODE\java\catalog\CatalogWeb\src\main\java\ru\goodfil\catalog\web\i18n\I18ManagedBean.java
D:\CODE\java\catalog\CatalogWeb\src\main\java\ru\goodfil\catalog\web\i18n\I18nContextListener.java
D:\CODE\java\catalog\CatalogWeb\src\main\java\ru\goodfil\catalog\web\IE9CompabilityFilter.java
D:\CODE\java\catalog\CatalogWeb\src\main\java\ru\goodfil\catalog\web\InjectorBean.java
D:\CODE\java\catalog\CatalogWeb\src\main\java\ru\goodfil\catalog\web\LanguageBean.java
D:\CODE\java\catalog\CatalogWeb\src\main\java\ru\goodfil\catalog\web\SearchAutoBean.java
D:\CODE\java\catalog\CatalogWeb\src\main\java\ru\goodfil\catalog\web\SearchSizeBean.java
D:\CODE\java\catalog\CatalogWeb\src\main\java\ru\goodfil\catalog\web\SettingsBean.java
D:\CODE\java\catalog\CatalogWeb\src\main\java\ru\goodfil\catalog\web\TabsBean.java
D:\CODE\java\catalog\CatalogWeb\src\main\java\ru\goodfil\catalog\web\UnloadingByBrandBean.java
D:\CODE\java\catalog\CatalogWeb\src\main\java\ru\goodfil\catalog\web\UpdaterBean.java
D:\CODE\java\catalog\CatalogWeb\src\main\java\ru\goodfil\catalog\web\utils\CatalogWebModule.java
D:\CODE\java\catalog\CatalogWeb\src\main\java\ru\goodfil\catalog\web\utils\EventHelper.java
D:\CODE\java\catalog\CatalogWeb\src\main\java\ru\goodfil\catalog\web\utils\FacesUtils.java
D:\CODE\java\catalog\CatalogWeb\src\main\java\ru\goodfil\catalog\web\utils\FilePublisher.java
D:\CODE\java\catalog\CatalogWeb\src\main\java\ru\goodfil\catalog\web\utils\JSFComboboxModel.java
D:\CODE\java\catalog\CatalogWeb\src\main\java\ru\goodfil\catalog\web\utils\Log4jInitListener.java
D:\CODE\java\catalog\CatalogWeb\src\main\java\ru\goodfil\catalog\web\utils\PageBean.java
D:\CODE\java\catalog\CatalogWeb\src\main\java\ru\goodfil\catalog\web\utils\SelectItem.java
D:\CODE\java\catalog\CatalogWeb\src\main\java\ru\goodfil\catalog\web\utils\SessionMonitorListener.java
D:\CODE\java\catalog\CatalogWeb\src\main\java\ru\goodfil\catalog\web\validator\NumberValidator.java
D:\CODE\java\catalog\CatalogWeb\src\main\java\ru\goodfil\catalog\web\VersionBean.java
